2025-02-02 16:22:08,100 [INFO] Orchestrator script invoked.
2025-02-02 16:22:08,100 [INFO] Pipeline execution started.
2025-02-02 16:22:08,101 [INFO] Module 1: Scraping the home page.
2025-02-02 16:22:18,295 [INFO] Module 1: Home page source saved to homepage.html.
2025-02-02 16:22:18,295 [INFO] Module 2: Extracting Top Stories link from the home page.
2025-02-02 16:22:23,246 [ERROR] Module 2: Top Stories link not found. Aborting pipeline.
2025-02-02 16:22:23,248 [INFO] Orchestrator script finished.
2025-02-02 16:24:59,598 [INFO] Orchestrator script invoked.
2025-02-02 16:24:59,599 [INFO] Pipeline execution started.
2025-02-02 16:24:59,600 [INFO] Module 1: Scraping the home page.
2025-02-02 16:25:12,419 [INFO] Module 1: Home page source saved to homepage.html.
2025-02-02 16:25:12,419 [INFO] Module 2: Extracting Top Stories link from the home page.
2025-02-02 16:25:21,240 [ERROR] Module 2: Top Stories link not found. Aborting pipeline.
2025-02-02 16:25:21,241 [INFO] Orchestrator script finished.
2025-02-02 16:27:36,549 [INFO] Orchestrator script invoked.
2025-02-02 16:27:36,550 [INFO] Pipeline execution started.
2025-02-02 16:27:36,551 [INFO] Module 1: Scraping the home page.
2025-02-02 16:27:46,942 [INFO] Module 1: Home page source saved to homepage.html.
2025-02-02 16:27:46,942 [INFO] Module 2: Extracting Top Stories link from the home page.
2025-02-02 16:27:55,803 [INFO] Module 2: Top Stories link found: https://news.google.com/topics/CAAqKggKIiRDQkFTRlFvSUwyMHZNRFZxYUdjU0JXVnVMVWRDR2dKSlRpZ0FQAQ?hl=en-IN&gl=IN&ceid=IN%3Aen
2025-02-02 16:27:55,804 [INFO] Module 3: Extracting article data from Top Stories page.
2025-02-02 16:29:34,673 [INFO] Orchestrator script invoked.
2025-02-02 16:29:34,674 [INFO] Pipeline execution started.
2025-02-02 16:29:34,675 [INFO] Module 1: Scraping the home page.
2025-02-02 16:29:44,463 [INFO] Module 1: Home page source saved to homepage.html.
2025-02-02 16:29:44,464 [INFO] Module 2: Extracting Top Stories link from the home page.
2025-02-02 16:29:53,690 [INFO] Module 2: Top Stories link found: https://news.google.com/topics/CAAqKggKIiRDQkFTRlFvSUwyMHZNRFZxYUdjU0JXVnVMVWRDR2dKSlRpZ0FQAQ?hl=en-IN&gl=IN&ceid=IN%3Aen
2025-02-02 16:29:53,690 [INFO] Module 3: Extracting article data from Top Stories page.
2025-02-02 16:31:10,185 [INFO] Orchestrator script invoked.
2025-02-02 16:31:10,186 [INFO] Pipeline execution started.
2025-02-02 16:31:10,186 [INFO] Module 1: Scraping the home page.
2025-02-02 16:32:05,638 [INFO] Orchestrator script invoked.
2025-02-02 16:32:05,639 [INFO] Pipeline execution started.
2025-02-02 16:32:05,641 [INFO] Module 1: Scraping the home page.
2025-02-02 16:32:15,619 [INFO] Module 1: Home page source saved to homepage.html.
2025-02-02 16:32:15,619 [INFO] Module 2: Extracting Top Stories link from the home page.
2025-02-02 16:32:24,495 [INFO] Module 2: Top Stories link found: https://news.google.com/topics/CAAqKggKIiRDQkFTRlFvSUwyMHZNRFZxYUdjU0JXVnVMVWRDR2dKSlRpZ0FQAQ?hl=en-IN&gl=IN&ceid=IN%3Aen
2025-02-02 16:32:24,497 [INFO] Module 3: Extracting article data from Top Stories page.
2025-02-02 16:33:18,707 [INFO] Orchestrator script invoked.
2025-02-02 16:33:18,708 [INFO] Pipeline execution started.
2025-02-02 16:33:18,709 [INFO] Module 1: Scraping the home page.
2025-02-02 16:33:28,779 [INFO] Module 1: Home page source saved to homepage.html.
2025-02-02 16:33:28,780 [INFO] Module 2: Extracting Top Stories link from the home page.
2025-02-02 16:33:37,799 [INFO] Module 2: Top Stories link found: https://news.google.com/topics/CAAqKggKIiRDQkFTRlFvSUwyMHZNRFZxYUdjU0JXVnVMVWRDR2dKSlRpZ0FQAQ?hl=en-IN&gl=IN&ceid=IN%3Aen
2025-02-02 16:33:37,801 [INFO] Module 3: Extracting article data from Top Stories page.
2025-02-02 16:33:54,170 [INFO] Module 3: Extracted articles.
2025-02-02 16:33:54,171 [INFO] Using Top Stories link: https://news.google.com/topics/CAAqKggKIiRDQkFTRlFvSUwyMHZNRFZxYUdjU0JXVnVMVWRDR2dKSlRpZ0FQAQ?hl=en-IN&gl=IN&ceid=IN%3Aen
2025-02-02 16:35:21,862 [INFO] Orchestrator script invoked.
2025-02-02 16:35:21,864 [INFO] Pipeline execution started.
2025-02-02 16:35:21,864 [INFO] Module 1: Scraping the home page.
2025-02-02 16:35:31,975 [INFO] Module 1: Home page source saved to homepage.html.
2025-02-02 16:35:31,975 [INFO] Module 2: Extracting Top Stories link from the home page.
2025-02-02 16:35:42,381 [INFO] Module 2: Top Stories link found: https://news.google.com/topics/CAAqKggKIiRDQkFTRlFvSUwyMHZNRFZxYUdjU0JXVnVMVWRDR2dKSlRpZ0FQAQ?hl=en-IN&gl=IN&ceid=IN%3Aen
2025-02-02 16:35:42,382 [INFO] Module 3: Extracting article data from Top Stories page.
2025-02-02 16:35:58,399 [INFO] Module 3: Extracted articles.
2025-02-02 16:35:59,636 [INFO] Using Top Stories link: https://news.google.com/topics/CAAqKggKIiRDQkFTRlFvSUwyMHZNRFZxYUdjU0JXVnVMVWRDR2dKSlRpZ0FQAQ?hl=en-IN&gl=IN&ceid=IN%3Aen
2025-02-02 16:36:09,123 [INFO] Pipeline execution completed in 0:00:47.259043.
2025-02-02 16:36:09,123 [INFO] Orchestrator script finished.
